c:\workspace\cpp\cppstring\intermediate\x64\debug\bankaccount\vc143.pdb
c:\workspace\cpp\cppstring\intermediate\x64\debug\bankaccount\vc143.idb
c:\workspace\cpp\cppstring\intermediate\x64\debug\bankaccount\main.obj
c:\workspace\cpp\cpp\cppstring\intermediate\x64\debug\bankaccount\vc143.pdb
c:\workspace\cpp\cpp\cppstring\intermediate\x64\debug\bankaccount\vc143.idb
c:\workspace\cpp\cpp\cppstring\intermediate\x64\debug\bankaccount\main.obj
c:\workspace\cpp\cppstring\bin\x64\debug\bankaccount\bankaccount.exe
c:\workspace\cpp\cppstring\bin\x64\debug\bankaccount\bankaccount.pdb
c:\workspace\cpp\cppstring\intermediate\x64\debug\bankaccount\bankaccount.ilk
c:\workspace\cpp\cpp\cppstring\intermediate\x64\debug\bankaccount\bankaccount.ilk
c:\workspace\cpp\cpp\cppstring\bin\x64\debug\bankaccount\bankaccount.pdb
c:\workspace\cpp\cpp\cppstring\bin\x64\debug\bankaccount\bankaccount.exe
c:\workspace\cpp\cpp\cppstring\intermediate\x64\debug\bankaccount\bankaccount.vcxproj.filelistabsolute.txt
c:\workspace\cpp\cpp\cppstring\intermediate\x64\debug\bankaccount\bankaccount.tlog\cl.command.1.tlog
c:\workspace\cpp\cpp\cppstring\intermediate\x64\debug\bankaccount\bankaccount.tlog\cl.items.tlog
c:\workspace\cpp\cpp\cppstring\intermediate\x64\debug\bankaccount\bankaccount.tlog\cl.read.1.tlog
c:\workspace\cpp\cpp\cppstring\intermediate\x64\debug\bankaccount\bankaccount.tlog\cl.write.1.tlog
c:\workspace\cpp\cpp\cppstring\intermediate\x64\debug\bankaccount\bankaccount.tlog\link.command.1.tlog
c:\workspace\cpp\cpp\cppstring\intermediate\x64\debug\bankaccount\bankaccount.tlog\link.read.1.tlog
c:\workspace\cpp\cpp\cppstring\intermediate\x64\debug\bankaccount\bankaccount.tlog\link.secondary.1.tlog
c:\workspace\cpp\cpp\cppstring\intermediate\x64\debug\bankaccount\bankaccount.tlog\link.write.1.tlog
